Determining if the pthread_create exist failed with the following output:
Change Dir: /home/inhwama/workspace/교육/C+++11_14/CMakeFiles/CMakeTmp

Run Build Command:"/usr/bin/make" "cmTC_ab4ee/fast"
make[1]: 디렉터리 '/home/inhwama/workspace/교육/C+++11_14/CMakeFiles/CMakeTmp' 들어감
/usr/bin/make -f CMakeFiles/cmTC_ab4ee.dir/build.make CMakeFiles/cmTC_ab4ee.dir/build
make[2]: 디렉터리 '/home/inhwama/workspace/교육/C+++11_14/CMakeFiles/CMakeTmp' 들어감
Building C object CMakeFiles/cmTC_ab4ee.dir/CheckSymbolExists.c.o
/usr/bin/cc     -o CMakeFiles/cmTC_ab4ee.dir/CheckSymbolExists.c.o   -c /home/inhwama/workspace/교육/C+++11_14/CMakeFiles/CMakeTmp/CheckSymbolExists.c
Linking C executable cmTC_ab4ee
/usr/bin/cmake -E cmake_link_script CMakeFiles/cmTC_ab4ee.dir/link.txt --verbose=1
/usr/bin/cc       CMakeFiles/cmTC_ab4ee.dir/CheckSymbolExists.c.o  -o cmTC_ab4ee -rdynamic 
CMakeFiles/cmTC_ab4ee.dir/CheckSymbolExists.c.o: In function `main':
CheckSymbolExists.c:(.text+0x16): undefined reference to `pthread_create'
collect2: error: ld returned 1 exit status
CMakeFiles/cmTC_ab4ee.dir/build.make:97: 'cmTC_ab4ee' 타겟에 대한 명령이 실패했습니다
make[2]: *** [cmTC_ab4ee] 오류 1
make[2]: 디렉터리 '/home/inhwama/workspace/교육/C+++11_14/CMakeFiles/CMakeTmp' 나감
Makefile:126: 'cmTC_ab4ee/fast' 타겟에 대한 명령이 실패했습니다
make[1]: *** [cmTC_ab4ee/fast] 오류 2
make[1]: 디렉터리 '/home/inhwama/workspace/교육/C+++11_14/CMakeFiles/CMakeTmp' 나감

File /home/inhwama/workspace/교육/C+++11_14/CMakeFiles/CMakeTmp/CheckSymbolExists.c:
/* */
#include <pthread.h>

int main(int argc, char** argv)
{
  (void)argv;
#ifndef pthread_create
  return ((int*)(&pthread_create))[argc];
#else
  (void)argc;
  return 0;
#endif
}

Determining if the function pthread_create exists in the pthreads failed with the following output:
Change Dir: /home/inhwama/workspace/교육/C+++11_14/CMakeFiles/CMakeTmp

Run Build Command:"/usr/bin/make" "cmTC_4cd2f/fast"
make[1]: 디렉터리 '/home/inhwama/workspace/교육/C+++11_14/CMakeFiles/CMakeTmp' 들어감
/usr/bin/make -f CMakeFiles/cmTC_4cd2f.dir/build.make CMakeFiles/cmTC_4cd2f.dir/build
make[2]: 디렉터리 '/home/inhwama/workspace/교육/C+++11_14/CMakeFiles/CMakeTmp' 들어감
Building C object CMakeFiles/cmTC_4cd2f.dir/CheckFunctionExists.c.o
/usr/bin/cc    -DCHECK_FUNCTION_EXISTS=pthread_create   -o CMakeFiles/cmTC_4cd2f.dir/CheckFunctionExists.c.o   -c /usr/share/cmake-3.5/Modules/CheckFunctionExists.c
Linking C executable cmTC_4cd2f
/usr/bin/cmake -E cmake_link_script CMakeFiles/cmTC_4cd2f.dir/link.txt --verbose=1
/usr/bin/cc   -DCHECK_FUNCTION_EXISTS=pthread_create    CMakeFiles/cmTC_4cd2f.dir/CheckFunctionExists.c.o  -o cmTC_4cd2f -rdynamic -lpthreads 
/usr/bin/ld: cannot find -lpthreads
collect2: error: ld returned 1 exit status
CMakeFiles/cmTC_4cd2f.dir/build.make:97: 'cmTC_4cd2f' 타겟에 대한 명령이 실패했습니다
make[2]: *** [cmTC_4cd2f] 오류 1
make[2]: 디렉터리 '/home/inhwama/workspace/교육/C+++11_14/CMakeFiles/CMakeTmp' 나감
Makefile:126: 'cmTC_4cd2f/fast' 타겟에 대한 명령이 실패했습니다
make[1]: *** [cmTC_4cd2f/fast] 오류 2
make[1]: 디렉터리 '/home/inhwama/workspace/교육/C+++11_14/CMakeFiles/CMakeTmp' 나감


